<?xml version="1.0" encoding="UTF-8"?>
<testsuite name="br.gotasdetecnologia.calculadora.CalculosTest" tests="6" skipped="0" failures="0" errors="0" timestamp="2021-11-11T18:21:08" hostname="DESKTOP-9K6R2JI" time="0.023">
  <properties/>
  <testcase name="verificaNumeroImpar()" classname="br.gotasdetecnologia.calculadora.CalculosTest" time="0.017"/>
  <testcase name="verificaNumeroPar()" classname="br.gotasdetecnologia.calculadora.CalculosTest" time="0.001"/>
  <testcase name="retornarZeroQuandoNadaInformado()" classname="br.gotasdetecnologia.calculadora.CalculosTest" time="0.002"/>
  <testcase name="verificaRaizQuadradaNegativo()" classname="br.gotasdetecnologia.calculadora.CalculosTest" time="0.0"/>
  <testcase name="verificaRaizQuadrada()" classname="br.gotasdetecnologia.calculadora.CalculosTest" time="0.001"/>
  <testcase name="retornarSomaQuandoValoresInformados()" classname="br.gotasdetecnologia.calculadora.CalculosTest" time="0.0"/>
  <system-out><![CDATA[]]></system-out>
  <system-err><![CDATA[]]></system-err>
</testsuite>
